TN:
SF:app.js
FN:20,(anonymous_0)
FNF:1
FNH:1
FNDA:1,(anonymous_0)
DA:2,1
DA:3,1
DA:6,1
DA:7,1
DA:10,1
DA:11,1
DA:14,1
DA:17,1
DA:20,1
DA:21,1
DA:26,1
LF:11
LH:11
BRF:0
BRH:0
end_of_record
TN:
SF:config\config.js
FN:20,(anonymous_0)
FN:23,(anonymous_1)
FNF:2
FNH:0
FNDA:0,(anonymous_0)
FNDA:0,(anonymous_1)
DA:2,1
DA:3,1
DA:6,1
DA:7,1
DA:8,1
DA:16,1
DA:21,0
DA:23,0
DA:25,1
LF:9
LH:7
BRDA:6,0,0,1
BRDA:6,0,1,0
BRDA:7,1,0,1
BRDA:7,1,1,0
BRF:4
BRH:2
end_of_record
TN:
SF:src\api\api-routes.js
FNF:0
FNH:0
DA:2,1
DA:5,1
DA:6,1
DA:9,1
DA:12,1
DA:13,1
DA:15,1
LF:7
LH:7
BRF:0
BRH:0
end_of_record
TN:
SF:src\api\resources\auth\auth.controller.js
FN:2,(anonymous_0)
FNF:1
FNH:1
FNDA:5,(anonymous_0)
DA:2,1
DA:3,5
DA:4,5
DA:6,5
DA:7,1
DA:9,4
DA:10,1
DA:12,3
DA:13,1
DA:17,2
DA:18,1
DA:23,1
DA:25,0
DA:29,1
LF:14
LH:13
BRDA:6,0,0,1
BRDA:6,0,1,4
BRDA:9,1,0,1
BRDA:9,1,1,3
BRDA:12,2,0,1
BRDA:12,2,1,2
BRDA:17,3,0,1
BRDA:17,3,1,1
BRF:8
BRH:8
end_of_record
TN:
SF:src\api\resources\auth\auth.router.js
FNF:0
FNH:0
DA:2,1
DA:5,1
DA:8,1
DA:11,1
DA:13,1
LF:5
LH:5
BRF:0
BRH:0
end_of_record
TN:
SF:src\api\resources\books\books.controller.js
FN:5,(anonymous_0)
FN:18,(anonymous_1)
FN:37,(anonymous_2)
FN:56,(anonymous_3)
FN:81,(anonymous_4)
FNF:5
FNH:0
FNDA:0,(anonymous_0)
FNDA:0,(anonymous_1)
FNDA:0,(anonymous_2)
FNDA:0,(anonymous_3)
FNDA:0,(anonymous_4)
DA:2,1
DA:5,1
DA:6,0
DA:7,0
DA:8,0
DA:13,0
DA:18,1
DA:19,0
DA:20,0
DA:21,0
DA:23,0
DA:24,0
DA:27,0
DA:32,0
DA:37,1
DA:38,0
DA:39,0
DA:40,0
DA:41,0
DA:45,0
DA:46,0
DA:51,0
DA:56,1
DA:57,0
DA:58,0
DA:59,0
DA:61,0
DA:62,0
DA:65,0
DA:66,0
DA:71,0
DA:76,0
DA:81,1
DA:82,0
DA:83,0
DA:84,0
DA:86,0
DA:87,0
DA:89,0
DA:90,0
DA:94,0
DA:98,1
LF:42
LH:7
BRDA:23,0,0,0
BRDA:23,0,1,0
BRDA:40,1,0,0
BRDA:40,1,1,0
BRDA:61,2,0,0
BRDA:61,2,1,0
BRDA:86,3,0,0
BRDA:86,3,1,0
BRF:8
BRH:0
end_of_record
TN:
SF:src\api\resources\books\books.model.js
FNF:0
FNH:0
DA:2,1
DA:4,1
DA:7,1
DA:19,1
LF:4
LH:4
BRF:0
BRH:0
end_of_record
TN:
SF:src\api\resources\books\books.router.js
FNF:0
FNH:0
DA:2,1
DA:5,1
DA:8,1
DA:11,1
DA:16,1
DA:22,1
LF:6
LH:6
BRF:0
BRH:0
end_of_record
TN:
SF:src\api\resources\books\books.service.js
FN:4,(anonymous_0)
FN:14,(anonymous_1)
FN:31,(anonymous_2)
FN:41,(anonymous_3)
FN:51,(anonymous_4)
FNF:5
FNH:0
FNDA:0,(anonymous_0)
FNDA:0,(anonymous_1)
FNDA:0,(anonymous_2)
FNDA:0,(anonymous_3)
FNDA:0,(anonymous_4)
DA:1,1
DA:4,1
DA:5,0
DA:6,0
DA:8,0
DA:9,0
DA:14,1
DA:15,0
DA:16,0
DA:17,0
DA:19,0
DA:20,0
DA:21,0
DA:23,0
DA:25,0
DA:26,0
DA:31,1
DA:32,0
DA:33,0
DA:35,0
DA:36,0
DA:41,1
DA:42,0
DA:43,0
DA:45,0
DA:46,0
DA:51,1
DA:52,0
DA:53,0
DA:55,0
DA:56,0
DA:60,1
LF:32
LH:7
BRDA:16,0,0,0
BRDA:16,0,1,0
BRDA:20,1,0,0
BRDA:20,1,1,0
BRF:4
BRH:0
end_of_record
